[2022-11-06T17:26:56.306] [INFO] In Index File - Server listening on Port 3001
[2022-11-06T17:28:01.068] [INFO] In Index File - Server listening on Port 8888
[2022-11-06T17:29:11.007] [INFO] In Index File - <ref *2> IncomingMessage {
  _readableState: ReadableState {
    objectMode: false,
    highWaterMark: 16384,
    buffer: BufferList { head: null, tail: null, length: 0 },
    length: 0,
    pipes: [],
    flowing: null,
    ended: false,
    endEmitted: false,
    reading: false,
    constructed: true,
    sync: true,
    needReadable: false,
    emittedReadable: false,
    readableListening: false,
    resumeScheduled: false,
    errorEmitted: false,
    emitClose: true,
    autoDestroy: true,
    destroyed: false,
    errored: null,
    closed: false,
    closeEmitted: false,
    defaultEncoding: 'utf8',
    awaitDrainWriters: null,
    multiAwaitDrain: false,
    readingMore: true,
    dataEmitted: false,
    decoder: null,
    encoding: null,
    [Symbol(kPaused)]: null
  },
  _events: [Object: null prototype] { end: [Function: clearRequestTimeout] },
  _eventsCount: 1,
  _maxListeners: undefined,
  socket: <ref *1> Socket {
    connecting: false,
    _hadError: false,
    _parent: null,
    _host: null,
    _readableState: ReadableState {
      objectMode: false,
      highWaterMark: 16384,
      buffer: BufferList { head: null, tail: null, length: 0 },
      length: 0,
      pipes: [],
      flowing: true,
      ended: false,
      endEmitted: false,
      reading: true,
      constructed: true,
      sync: false,
      needReadable: true,
      emittedReadable: false,
      readableListening: false,
      resumeScheduled: false,
      errorEmitted: false,
      emitClose: false,
      autoDestroy: true,
      destroyed: false,
      errored: null,
      closed: false,
      closeEmitted: false,
      defaultEncoding: 'utf8',
      awaitDrainWriters: null,
      multiAwaitDrain: false,
      readingMore: false,
      dataEmitted: false,
      decoder: null,
      encoding: null,
      [Symbol(kPaused)]: false
    },
    _events: [Object: null prototype] {
      end: [Array],
      timeout: [Function: socketOnTimeout],
      data: [Function: bound socketOnData],
      error: [Function: socketOnError],
      close: [Array],
      drain: [Function: bound socketOnDrain],
      resume: [Function: onSocketResume],
      pause: [Function: onSocketPause]
    },
    _eventsCount: 8,
    _maxListeners: undefined,
    _writableState: WritableState {
      objectMode: false,
      highWaterMark: 16384,
      finalCalled: false,
      needDrain: false,
      ending: false,
      ended: false,
      finished: false,
      destroyed: false,
      decodeStrings: false,
      defaultEncoding: 'utf8',
      length: 0,
      writing: false,
      corked: 0,
      sync: true,
      bufferProcessing: false,
      onwrite: [Function: bound onwrite],
      writecb: null,
      writelen: 0,
      afterWriteTickInfo: null,
      buffered: [],
      bufferedIndex: 0,
      allBuffers: true,
      allNoop: true,
      pendingcb: 0,
      constructed: true,
      prefinished: false,
      errorEmitted: false,
      emitClose: false,
      autoDestroy: true,
      errored: null,
      closed: false,
      closeEmitted: false,
      [Symbol(kOnFinished)]: []
    },
    allowHalfOpen: true,
    _sockname: null,
    _pendingData: null,
    _pendingEncoding: '',
    server: Server {
      maxHeaderSize: undefined,
      insecureHTTPParser: undefined,
      _events: [Object: null prototype],
      _eventsCount: 2,
      _maxListeners: undefined,
      _connections: 1,
      _handle: [TCP],
      _usingWorkers: false,
      _workers: [],
      _unref: false,
      allowHalfOpen: true,
      pauseOnConnect: false,
      noDelay: false,
      keepAlive: false,
      keepAliveInitialDelay: 0,
      httpAllowHalfOpen: false,
      timeout: 0,
      keepAliveTimeout: 5000,
      maxHeadersCount: null,
      maxRequestsPerSocket: 0,
      headersTimeout: 60000,
      requestTimeout: 0,
      _connectionKey: '6::::8888',
      [Symbol(IncomingMessage)]: [Function: IncomingMessage],
      [Symbol(ServerResponse)]: [Function: ServerResponse],
      [Symbol(kCapture)]: false,
      [Symbol(async_id_symbol)]: 21
    },
    _server: Server {
      maxHeaderSize: undefined,
      insecureHTTPParser: undefined,
      _events: [Object: null prototype],
      _eventsCount: 2,
      _maxListeners: undefined,
      _connections: 1,
      _handle: [TCP],
      _usingWorkers: false,
      _workers: [],
      _unref: false,
      allowHalfOpen: true,
      pauseOnConnect: false,
      noDelay: false,
      keepAlive: false,
      keepAliveInitialDelay: 0,
      httpAllowHalfOpen: false,
      timeout: 0,
      keepAliveTimeout: 5000,
      maxHeadersCount: null,
      maxRequestsPerSocket: 0,
      headersTimeout: 60000,
      requestTimeout: 0,
      _connectionKey: '6::::8888',
      [Symbol(IncomingMessage)]: [Function: IncomingMessage],
      [Symbol(ServerResponse)]: [Function: ServerResponse],
      [Symbol(kCapture)]: false,
      [Symbol(async_id_symbol)]: 21
    },
    parser: HTTPParser {
      '0': [Function: bound setRequestTimeout],
      '1': [Function: parserOnHeaders],
      '2': [Function: parserOnHeadersComplete],
      '3': [Function: parserOnBody],
      '4': [Function: parserOnMessageComplete],
      '5': [Function: bound onParserExecute],
      '6': [Function: bound onParserTimeout],
      _headers: [],
      _url: '',
      socket: [Circular *1],
      incoming: [Circular *2],
      outgoing: null,
      maxHeaderPairs: 2000,
      _consumed: true,
      onIncoming: [Function: bound parserOnIncoming],
      [Symbol(resource_symbol)]: [HTTPServerAsyncResource]
    },
    on: [Function: socketListenerWrap],
    addListener: [Function: socketListenerWrap],
    prependListener: [Function: socketListenerWrap],
    setEncoding: [Function: socketSetEncoding],
    _paused: false,
    _httpMessage: ServerResponse {
      _events: [Object: null prototype],
      _eventsCount: 1,
      _maxListeners: undefined,
      outputData: [],
      outputSize: 0,
      writable: true,
      destroyed: false,
      _last: false,
      chunkedEncoding: false,
      shouldKeepAlive: false,
      maxRequestsOnConnectionReached: false,
      _defaultKeepAlive: true,
      useChunkedEncodingByDefault: true,
      sendDate: true,
      _removedConnection: false,
      _removedContLen: false,
      _removedTE: false,
      _contentLength: null,
      _hasBody: true,
      _trailer: '',
      finished: false,
      _headerSent: false,
      _closed: false,
      socket: [Circular *1],
      _header: null,
      _keepAliveTimeout: 5000,
      _onPendingData: [Function: bound updateOutgoingData],
      req: [Circular *2],
      _sent100: false,
      _expect_continue: false,
      locals: [Object: null prototype] {},
      [Symbol(kCapture)]: false,
      [Symbol(kNeedDrain)]: false,
      [Symbol(corked)]: 0,
      [Symbol(kOutHeaders)]: [Object: null prototype]
    },
    [Symbol(async_id_symbol)]: 27,
    [Symbol(kHandle)]: TCP {
      reading: true,
      onconnection: null,
      _consumed: true,
      [Symbol(owner_symbol)]: [Circular *1]
    },
    [Symbol(lastWriteQueueSize)]: 0,
    [Symbol(timeout)]: null,
    [Symbol(kBuffer)]: null,
    [Symbol(kBufferCb)]: null,
    [Symbol(kBufferGen)]: null,
    [Symbol(kCapture)]: false,
    [Symbol(kSetNoDelay)]: false,
    [Symbol(kSetKeepAlive)]: false,
    [Symbol(kSetKeepAliveInitialDelay)]: 0,
    [Symbol(kBytesRead)]: 0,
    [Symbol(kBytesWritten)]: 0,
    [Symbol(RequestTimeout)]: undefined
  },
  httpVersionMajor: 1,
  httpVersionMinor: 1,
  httpVersion: '1.1',
  complete: false,
  rawHeaders: [
    'accept-encoding',
    'gzip, deflate, br',
    'Accept',
    '*/*',
    'User-Agent',
    'Thunder Client (https://www.thunderclient.com)',
    'Host',
    'localhost:8888',
    'Connection',
    'close'
  ],
  rawTrailers: [],
  aborted: false,
  upgrade: false,
  url: '/',
  method: 'GET',
  statusCode: null,
  statusMessage: null,
  client: <ref *1> Socket {
    connecting: false,
    _hadError: false,
    _parent: null,
    _host: null,
    _readableState: ReadableState {
      objectMode: false,
      highWaterMark: 16384,
      buffer: BufferList { head: null, tail: null, length: 0 },
      length: 0,
      pipes: [],
      flowing: true,
      ended: false,
      endEmitted: false,
      reading: true,
      constructed: true,
      sync: false,
      needReadable: true,
      emittedReadable: false,
      readableListening: false,
      resumeScheduled: false,
      errorEmitted: false,
      emitClose: false,
      autoDestroy: true,
      destroyed: false,
      errored: null,
      closed: false,
      closeEmitted: false,
      defaultEncoding: 'utf8',
      awaitDrainWriters: null,
      multiAwaitDrain: false,
      readingMore: false,
      dataEmitted: false,
      decoder: null,
      encoding: null,
      [Symbol(kPaused)]: false
    },
    _events: [Object: null prototype] {
      end: [Array],
      timeout: [Function: socketOnTimeout],
      data: [Function: bound socketOnData],
      error: [Function: socketOnError],
      close: [Array],
      drain: [Function: bound socketOnDrain],
      resume: [Function: onSocketResume],
      pause: [Function: onSocketPause]
    },
    _eventsCount: 8,
    _maxListeners: undefined,
    _writableState: WritableState {
      objectMode: false,
      highWaterMark: 16384,
      finalCalled: false,
      needDrain: false,
      ending: false,
      ended: false,
      finished: false,
      destroyed: false,
      decodeStrings: false,
      defaultEncoding: 'utf8',
      length: 0,
      writing: false,
      corked: 0,
      sync: true,
      bufferProcessing: false,
      onwrite: [Function: bound onwrite],
      writecb: null,
      writelen: 0,
      afterWriteTickInfo: null,
      buffered: [],
      bufferedIndex: 0,
      allBuffers: true,
      allNoop: true,
      pendingcb: 0,
      constructed: true,
      prefinished: false,
      errorEmitted: false,
      emitClose: false,
      autoDestroy: true,
      errored: null,
      closed: false,
      closeEmitted: false,
      [Symbol(kOnFinished)]: []
    },
    allowHalfOpen: true,
    _sockname: null,
    _pendingData: null,
    _pendingEncoding: '',
    server: Server {
      maxHeaderSize: undefined,
      insecureHTTPParser: undefined,
      _events: [Object: null prototype],
      _eventsCount: 2,
      _maxListeners: undefined,
      _connections: 1,
      _handle: [TCP],
      _usingWorkers: false,
      _workers: [],
      _unref: false,
      allowHalfOpen: true,
      pauseOnConnect: false,
      noDelay: false,
      keepAlive: false,
      keepAliveInitialDelay: 0,
      httpAllowHalfOpen: false,
      timeout: 0,
      keepAliveTimeout: 5000,
      maxHeadersCount: null,
      maxRequestsPerSocket: 0,
      headersTimeout: 60000,
      requestTimeout: 0,
      _connectionKey: '6::::8888',
      [Symbol(IncomingMessage)]: [Function: IncomingMessage],
      [Symbol(ServerResponse)]: [Function: ServerResponse],
      [Symbol(kCapture)]: false,
      [Symbol(async_id_symbol)]: 21
    },
    _server: Server {
      maxHeaderSize: undefined,
      insecureHTTPParser: undefined,
      _events: [Object: null prototype],
      _eventsCount: 2,
      _maxListeners: undefined,
      _connections: 1,
      _handle: [TCP],
      _usingWorkers: false,
      _workers: [],
      _unref: false,
      allowHalfOpen: true,
      pauseOnConnect: false,
      noDelay: false,
      keepAlive: false,
      keepAliveInitialDelay: 0,
      httpAllowHalfOpen: false,
      timeout: 0,
      keepAliveTimeout: 5000,
      maxHeadersCount: null,
      maxRequestsPerSocket: 0,
      headersTimeout: 60000,
      requestTimeout: 0,
      _connectionKey: '6::::8888',
      [Symbol(IncomingMessage)]: [Function: IncomingMessage],
      [Symbol(ServerResponse)]: [Function: ServerResponse],
      [Symbol(kCapture)]: false,
      [Symbol(async_id_symbol)]: 21
    },
    parser: HTTPParser {
      '0': [Function: bound setRequestTimeout],
      '1': [Function: parserOnHeaders],
      '2': [Function: parserOnHeadersComplete],
      '3': [Function: parserOnBody],
      '4': [Function: parserOnMessageComplete],
      '5': [Function: bound onParserExecute],
      '6': [Function: bound onParserTimeout],
      _headers: [],
      _url: '',
      socket: [Circular *1],
      incoming: [Circular *2],
      outgoing: null,
      maxHeaderPairs: 2000,
      _consumed: true,
      onIncoming: [Function: bound parserOnIncoming],
      [Symbol(resource_symbol)]: [HTTPServerAsyncResource]
    },
    on: [Function: socketListenerWrap],
    addListener: [Function: socketListenerWrap],
    prependListener: [Function: socketListenerWrap],
    setEncoding: [Function: socketSetEncoding],
    _paused: false,
    _httpMessage: ServerResponse {
      _events: [Object: null prototype],
      _eventsCount: 1,
      _maxListeners: undefined,
      outputData: [],
      outputSize: 0,
      writable: true,
      destroyed: false,
      _last: false,
      chunkedEncoding: false,
      shouldKeepAlive: false,
      maxRequestsOnConnectionReached: false,
      _defaultKeepAlive: true,
      useChunkedEncodingByDefault: true,
      sendDate: true,
      _removedConnection: false,
      _removedContLen: false,
      _removedTE: false,
      _contentLength: null,
      _hasBody: true,
      _trailer: '',
      finished: false,
      _headerSent: false,
      _closed: false,
      socket: [Circular *1],
      _header: null,
      _keepAliveTimeout: 5000,
      _onPendingData: [Function: bound updateOutgoingData],
      req: [Circular *2],
      _sent100: false,
      _expect_continue: false,
      locals: [Object: null prototype] {},
      [Symbol(kCapture)]: false,
      [Symbol(kNeedDrain)]: false,
      [Symbol(corked)]: 0,
      [Symbol(kOutHeaders)]: [Object: null prototype]
    },
    [Symbol(async_id_symbol)]: 27,
    [Symbol(kHandle)]: TCP {
      reading: true,
      onconnection: null,
      _consumed: true,
      [Symbol(owner_symbol)]: [Circular *1]
    },
    [Symbol(lastWriteQueueSize)]: 0,
    [Symbol(timeout)]: null,
    [Symbol(kBuffer)]: null,
    [Symbol(kBufferCb)]: null,
    [Symbol(kBufferGen)]: null,
    [Symbol(kCapture)]: false,
    [Symbol(kSetNoDelay)]: false,
    [Symbol(kSetKeepAlive)]: false,
    [Symbol(kSetKeepAliveInitialDelay)]: 0,
    [Symbol(kBytesRead)]: 0,
    [Symbol(kBytesWritten)]: 0,
    [Symbol(RequestTimeout)]: undefined
  },
  _consuming: false,
  _dumped: false,
  next: [Function: next],
  baseUrl: '',
  originalUrl: '/',
  _parsedUrl: Url {
    protocol: null,
    slashes: null,
    auth: null,
    host: null,
    port: null,
    hostname: null,
    hash: null,
    search: null,
    query: null,
    pathname: '/',
    path: '/',
    href: '/',
    _raw: '/'
  },
  params: {},
  query: {},
  res: <ref *3> ServerResponse {
    _events: [Object: null prototype] { finish: [Function: bound resOnFinish] },
    _eventsCount: 1,
    _maxListeners: undefined,
    outputData: [],
    outputSize: 0,
    writable: true,
    destroyed: false,
    _last: false,
    chunkedEncoding: false,
    shouldKeepAlive: false,
    maxRequestsOnConnectionReached: false,
    _defaultKeepAlive: true,
    useChunkedEncodingByDefault: true,
    sendDate: true,
    _removedConnection: false,
    _removedContLen: false,
    _removedTE: false,
    _contentLength: null,
    _hasBody: true,
    _trailer: '',
    finished: false,
    _headerSent: false,
    _closed: false,
    socket: <ref *1> Socket {
      connecting: false,
      _hadError: false,
      _parent: null,
      _host: null,
      _readableState: [ReadableState],
      _events: [Object: null prototype],
      _eventsCount: 8,
      _maxListeners: undefined,
      _writableState: [WritableState],
      allowHalfOpen: true,
      _sockname: null,
      _pendingData: null,
      _pendingEncoding: '',
      server: [Server],
      _server: [Server],
      parser: [HTTPParser],
      on: [Function: socketListenerWrap],
      addListener: [Function: socketListenerWrap],
      prependListener: [Function: socketListenerWrap],
      setEncoding: [Function: socketSetEncoding],
      _paused: false,
      _httpMessage: [Circular *3],
      [Symbol(async_id_symbol)]: 27,
      [Symbol(kHandle)]: [TCP],
      [Symbol(lastWriteQueueSize)]: 0,
      [Symbol(timeout)]: null,
      [Symbol(kBuffer)]: null,
      [Symbol(kBufferCb)]: null,
      [Symbol(kBufferGen)]: null,
      [Symbol(kCapture)]: false,
      [Symbol(kSetNoDelay)]: false,
      [Symbol(kSetKeepAlive)]: false,
      [Symbol(kSetKeepAliveInitialDelay)]: 0,
      [Symbol(kBytesRead)]: 0,
      [Symbol(kBytesWritten)]: 0,
      [Symbol(RequestTimeout)]: undefined
    },
    _header: null,
    _keepAliveTimeout: 5000,
    _onPendingData: [Function: bound updateOutgoingData],
    req: [Circular *2],
    _sent100: false,
    _expect_continue: false,
    locals: [Object: null prototype] {},
    [Symbol(kCapture)]: false,
    [Symbol(kNeedDrain)]: false,
    [Symbol(corked)]: 0,
    [Symbol(kOutHeaders)]: [Object: null prototype] { 'x-powered-by': [Array] }
  },
  route: Route { path: '/', stack: [ [Layer] ], methods: { get: true } },
  [Symbol(kCapture)]: false,
  [Symbol(kHeaders)]: {
    'accept-encoding': 'gzip, deflate, br',
    accept: '*/*',
    'user-agent': 'Thunder Client (https://www.thunderclient.com)',
    host: 'localhost:8888',
    connection: 'close'
  },
  [Symbol(kHeadersCount)]: 10,
  [Symbol(kTrailers)]: null,
  [Symbol(kTrailersCount)]: 0,
  [Symbol(RequestTimeout)]: undefined
}
[2022-11-06T17:30:40.641] [INFO] In Index File - Server listening on Port 8888
[2022-11-06T18:11:32.118] [INFO] In Index File - Server listening on Port 8888
[2022-11-06T18:13:51.142] [INFO] In Index File - Server listening on Port 8888
[2022-11-06T18:15:38.314] [FATAL] In Index File - connection to MongoDB failed
[2022-11-06T18:17:38.156] [FATAL] In Index File - connection to MongoDB failed with error Could not connect to any servers in your MongoDB Atlas cluster. One common reason is that you're trying to access the database from an IP that isn't whitelisted. Make sure your current IP address is on your Atlas cluster's IP whitelist: https://docs.atlas.mongodb.com/security-whitelist/
[2022-11-06T18:24:13.757] [INFO] In Index File - Server listening on Port 8888
[2022-11-06T18:43:33.439] [INFO] In Index File - Server listening on Port 8888
[2022-11-06T18:47:24.486] [INFO] In Index File - Server listening on Port 8888
[2022-11-06T18:54:05.607] [INFO] In Index File - Server listening on Port 8888
[2022-11-06T18:55:44.798] [INFO] In Index File - <ref *2> ServerResponse {
  _events: [Object: null prototype] { finish: [Function: bound resOnFinish] },
  _eventsCount: 1,
  _maxListeners: undefined,
  outputData: [],
  outputSize: 0,
  writable: true,
  destroyed: false,
  _last: false,
  chunkedEncoding: false,
  shouldKeepAlive: false,
  maxRequestsOnConnectionReached: false,
  _defaultKeepAlive: true,
  useChunkedEncodingByDefault: true,
  sendDate: true,
  _removedConnection: false,
  _removedContLen: false,
  _removedTE: false,
  _contentLength: null,
  _hasBody: true,
  _trailer: '',
  finished: false,
  _headerSent: false,
  _closed: false,
  socket: <ref *1> Socket {
    connecting: false,
    _hadError: false,
    _parent: null,
    _host: null,
    _readableState: ReadableState {
      objectMode: false,
      highWaterMark: 16384,
      buffer: BufferList { head: null, tail: null, length: 0 },
      length: 0,
      pipes: [],
      flowing: true,
      ended: false,
      endEmitted: false,
      reading: true,
      constructed: true,
      sync: false,
      needReadable: true,
      emittedReadable: false,
      readableListening: false,
      resumeScheduled: false,
      errorEmitted: false,
      emitClose: false,
      autoDestroy: true,
      destroyed: false,
      errored: null,
      closed: false,
      closeEmitted: false,
      defaultEncoding: 'utf8',
      awaitDrainWriters: null,
      multiAwaitDrain: false,
      readingMore: false,
      dataEmitted: false,
      decoder: null,
      encoding: null,
      [Symbol(kPaused)]: false
    },
    _events: [Object: null prototype] {
      end: [Array],
      timeout: [Function: socketOnTimeout],
      data: [Function: bound socketOnData],
      error: [Function: socketOnError],
      close: [Array],
      drain: [Function: bound socketOnDrain],
      resume: [Function: onSocketResume],
      pause: [Function: onSocketPause]
    },
    _eventsCount: 8,
    _maxListeners: undefined,
    _writableState: WritableState {
      objectMode: false,
      highWaterMark: 16384,
      finalCalled: false,
      needDrain: false,
      ending: false,
      ended: false,
      finished: false,
      destroyed: false,
      decodeStrings: false,
      defaultEncoding: 'utf8',
      length: 0,
      writing: false,
      corked: 0,
      sync: true,
      bufferProcessing: false,
      onwrite: [Function: bound onwrite],
      writecb: null,
      writelen: 0,
      afterWriteTickInfo: null,
      buffered: [],
      bufferedIndex: 0,
      allBuffers: true,
      allNoop: true,
      pendingcb: 0,
      constructed: true,
      prefinished: false,
      errorEmitted: false,
      emitClose: false,
      autoDestroy: true,
      errored: null,
      closed: false,
      closeEmitted: false,
      [Symbol(kOnFinished)]: []
    },
    allowHalfOpen: true,
    _sockname: null,
    _pendingData: null,
    _pendingEncoding: '',
    server: Server {
      maxHeaderSize: undefined,
      insecureHTTPParser: undefined,
      _events: [Object: null prototype],
      _eventsCount: 2,
      _maxListeners: undefined,
      _connections: 1,
      _handle: [TCP],
      _usingWorkers: false,
      _workers: [],
      _unref: false,
      allowHalfOpen: true,
      pauseOnConnect: false,
      noDelay: false,
      keepAlive: false,
      keepAliveInitialDelay: 0,
      httpAllowHalfOpen: false,
      timeout: 0,
      keepAliveTimeout: 5000,
      maxHeadersCount: null,
      maxRequestsPerSocket: 0,
      headersTimeout: 60000,
      requestTimeout: 0,
      _connectionKey: '6::::8888',
      [Symbol(IncomingMessage)]: [Function: IncomingMessage],
      [Symbol(ServerResponse)]: [Function: ServerResponse],
      [Symbol(kCapture)]: false,
      [Symbol(async_id_symbol)]: 134
    },
    _server: Server {
      maxHeaderSize: undefined,
      insecureHTTPParser: undefined,
      _events: [Object: null prototype],
      _eventsCount: 2,
      _maxListeners: undefined,
      _connections: 1,
      _handle: [TCP],
      _usingWorkers: false,
      _workers: [],
      _unref: false,
      allowHalfOpen: true,
      pauseOnConnect: false,
      noDelay: false,
      keepAlive: false,
      keepAliveInitialDelay: 0,
      httpAllowHalfOpen: false,
      timeout: 0,
      keepAliveTimeout: 5000,
      maxHeadersCount: null,
      maxRequestsPerSocket: 0,
      headersTimeout: 60000,
      requestTimeout: 0,
      _connectionKey: '6::::8888',
      [Symbol(IncomingMessage)]: [Function: IncomingMessage],
      [Symbol(ServerResponse)]: [Function: ServerResponse],
      [Symbol(kCapture)]: false,
      [Symbol(async_id_symbol)]: 134
    },
    parser: HTTPParser {
      '0': [Function: bound setRequestTimeout],
      '1': [Function: parserOnHeaders],
      '2': [Function: parserOnHeadersComplete],
      '3': [Function: parserOnBody],
      '4': [Function: parserOnMessageComplete],
      '5': [Function: bound onParserExecute],
      '6': [Function: bound onParserTimeout],
      _headers: [],
      _url: '',
      socket: [Circular *1],
      incoming: [IncomingMessage],
      outgoing: null,
      maxHeaderPairs: 2000,
      _consumed: true,
      onIncoming: [Function: bound parserOnIncoming],
      [Symbol(resource_symbol)]: [HTTPServerAsyncResource]
    },
    on: [Function: socketListenerWrap],
    addListener: [Function: socketListenerWrap],
    prependListener: [Function: socketListenerWrap],
    setEncoding: [Function: socketSetEncoding],
    _paused: false,
    _httpMessage: [Circular *2],
    [Symbol(async_id_symbol)]: 369,
    [Symbol(kHandle)]: TCP {
      reading: true,
      onconnection: null,
      _consumed: true,
      [Symbol(owner_symbol)]: [Circular *1]
    },
    [Symbol(lastWriteQueueSize)]: 0,
    [Symbol(timeout)]: null,
    [Symbol(kBuffer)]: null,
    [Symbol(kBufferCb)]: null,
    [Symbol(kBufferGen)]: null,
    [Symbol(kCapture)]: false,
    [Symbol(kSetNoDelay)]: false,
    [Symbol(kSetKeepAlive)]: false,
    [Symbol(kSetKeepAliveInitialDelay)]: 0,
    [Symbol(kBytesRead)]: 0,
    [Symbol(kBytesWritten)]: 0,
    [Symbol(RequestTimeout)]: undefined
  },
  _header: null,
  _keepAliveTimeout: 5000,
  _onPendingData: [Function: bound updateOutgoingData],
  req: IncomingMessage {
    _readableState: ReadableState {
      objectMode: false,
      highWaterMark: 16384,
      buffer: BufferList { head: null, tail: null, length: 0 },
      length: 0,
      pipes: [],
      flowing: null,
      ended: true,
      endEmitted: false,
      reading: false,
      constructed: true,
      sync: true,
      needReadable: false,
      emittedReadable: false,
      readableListening: false,
      resumeScheduled: false,
      errorEmitted: false,
      emitClose: true,
      autoDestroy: true,
      destroyed: false,
      errored: null,
      closed: false,
      closeEmitted: false,
      defaultEncoding: 'utf8',
      awaitDrainWriters: null,
      multiAwaitDrain: false,
      readingMore: true,
      dataEmitted: false,
      decoder: null,
      encoding: null,
      [Symbol(kPaused)]: null
    },
    _events: [Object: null prototype] { end: [Function: clearRequestTimeout] },
    _eventsCount: 1,
    _maxListeners: undefined,
    socket: <ref *1> Socket {
      connecting: false,
      _hadError: false,
      _parent: null,
      _host: null,
      _readableState: [ReadableState],
      _events: [Object: null prototype],
      _eventsCount: 8,
      _maxListeners: undefined,
      _writableState: [WritableState],
      allowHalfOpen: true,
      _sockname: null,
      _pendingData: null,
      _pendingEncoding: '',
      server: [Server],
      _server: [Server],
      parser: [HTTPParser],
      on: [Function: socketListenerWrap],
      addListener: [Function: socketListenerWrap],
      prependListener: [Function: socketListenerWrap],
      setEncoding: [Function: socketSetEncoding],
      _paused: false,
      _httpMessage: [Circular *2],
      [Symbol(async_id_symbol)]: 369,
      [Symbol(kHandle)]: [TCP],
      [Symbol(lastWriteQueueSize)]: 0,
      [Symbol(timeout)]: null,
      [Symbol(kBuffer)]: null,
      [Symbol(kBufferCb)]: null,
      [Symbol(kBufferGen)]: null,
      [Symbol(kCapture)]: false,
      [Symbol(kSetNoDelay)]: false,
      [Symbol(kSetKeepAlive)]: false,
      [Symbol(kSetKeepAliveInitialDelay)]: 0,
      [Symbol(kBytesRead)]: 0,
      [Symbol(kBytesWritten)]: 0,
      [Symbol(RequestTimeout)]: undefined
    },
    httpVersionMajor: 1,
    httpVersionMinor: 1,
    httpVersion: '1.1',
    complete: true,
    rawHeaders: [
      'accept-encoding',
      'gzip, deflate, br',
      'Accept',
      '*/*',
      'User-Agent',
      'Thunder Client (https://www.thunderclient.com)',
      'Host',
      'localhost:8888',
      'Connection',
      'close'
    ],
    rawTrailers: [],
    aborted: false,
    upgrade: false,
    url: '/',
    method: 'GET',
    statusCode: null,
    statusMessage: null,
    client: <ref *1> Socket {
      connecting: false,
      _hadError: false,
      _parent: null,
      _host: null,
      _readableState: [ReadableState],
      _events: [Object: null prototype],
      _eventsCount: 8,
      _maxListeners: undefined,
      _writableState: [WritableState],
      allowHalfOpen: true,
      _sockname: null,
      _pendingData: null,
      _pendingEncoding: '',
      server: [Server],
      _server: [Server],
      parser: [HTTPParser],
      on: [Function: socketListenerWrap],
      addListener: [Function: socketListenerWrap],
      prependListener: [Function: socketListenerWrap],
      setEncoding: [Function: socketSetEncoding],
      _paused: false,
      _httpMessage: [Circular *2],
      [Symbol(async_id_symbol)]: 369,
      [Symbol(kHandle)]: [TCP],
      [Symbol(lastWriteQueueSize)]: 0,
      [Symbol(timeout)]: null,
      [Symbol(kBuffer)]: null,
      [Symbol(kBufferCb)]: null,
      [Symbol(kBufferGen)]: null,
      [Symbol(kCapture)]: false,
      [Symbol(kSetNoDelay)]: false,
      [Symbol(kSetKeepAlive)]: false,
      [Symbol(kSetKeepAliveInitialDelay)]: 0,
      [Symbol(kBytesRead)]: 0,
      [Symbol(kBytesWritten)]: 0,
      [Symbol(RequestTimeout)]: undefined
    },
    _consuming: false,
    _dumped: false,
    next: [Function: next],
    baseUrl: '',
    originalUrl: '/',
    _parsedUrl: Url {
      protocol: null,
      slashes: null,
      auth: null,
      host: null,
      port: null,
      hostname: null,
      hash: null,
      search: null,
      query: null,
      pathname: '/',
      path: '/',
      href: '/',
      _raw: '/'
    },
    params: {},
    query: {},
    res: [Circular *2],
    body: {},
    route: Route { path: '/', stack: [Array], methods: [Object] },
    [Symbol(kCapture)]: false,
    [Symbol(kHeaders)]: {
      'accept-encoding': 'gzip, deflate, br',
      accept: '*/*',
      'user-agent': 'Thunder Client (https://www.thunderclient.com)',
      host: 'localhost:8888',
      connection: 'close'
    },
    [Symbol(kHeadersCount)]: 10,
    [Symbol(kTrailers)]: null,
    [Symbol(kTrailersCount)]: 0,
    [Symbol(RequestTimeout)]: undefined
  },
  _sent100: false,
  _expect_continue: false,
  locals: [Object: null prototype] {},
  [Symbol(kCapture)]: false,
  [Symbol(kNeedDrain)]: false,
  [Symbol(corked)]: 0,
  [Symbol(kOutHeaders)]: [Object: null prototype] {
    'x-powered-by': [ 'X-Powered-By', 'Express' ],
    'access-control-allow-origin': [ 'Access-Control-Allow-Origin', '*' ]
  }
}
[2022-11-06T18:57:47.190] [INFO] In Index File - Server listening on Port 8888
[2022-11-06T18:58:26.934] [INFO] In Index File - Server listening on Port 8888
[2022-11-06T19:00:21.094] [INFO] In Index File - []
[2022-11-06T19:01:30.716] [INFO] In Index File - Server listening on Port 8888
[2022-11-06T19:01:43.833] [INFO] In Index File - []
[2022-11-06T19:03:24.758] [INFO] In Index File - Server listening on Port 8888
[2022-11-06T19:03:26.914] [INFO] In Index File - <ref *2> ServerResponse {
  _events: [Object: null prototype] { finish: [Function: bound resOnFinish] },
  _eventsCount: 1,
  _maxListeners: undefined,
  outputData: [],
  outputSize: 0,
  writable: true,
  destroyed: false,
  _last: false,
  chunkedEncoding: false,
  shouldKeepAlive: false,
  maxRequestsOnConnectionReached: false,
  _defaultKeepAlive: true,
  useChunkedEncodingByDefault: true,
  sendDate: true,
  _removedConnection: false,
  _removedContLen: false,
  _removedTE: false,
  _contentLength: null,
  _hasBody: true,
  _trailer: '',
  finished: false,
  _headerSent: false,
  _closed: false,
  socket: <ref *1> Socket {
    connecting: false,
    _hadError: false,
    _parent: null,
    _host: null,
    _readableState: ReadableState {
      objectMode: false,
      highWaterMark: 16384,
      buffer: BufferList { head: null, tail: null, length: 0 },
      length: 0,
      pipes: [],
      flowing: true,
      ended: false,
      endEmitted: false,
      reading: true,
      constructed: true,
      sync: false,
      needReadable: true,
      emittedReadable: false,
      readableListening: false,
      resumeScheduled: false,
      errorEmitted: false,
      emitClose: false,
      autoDestroy: true,
      destroyed: false,
      errored: null,
      closed: false,
      closeEmitted: false,
      defaultEncoding: 'utf8',
      awaitDrainWriters: null,
      multiAwaitDrain: false,
      readingMore: false,
      dataEmitted: false,
      decoder: null,
      encoding: null,
      [Symbol(kPaused)]: false
    },
    _events: [Object: null prototype] {
      end: [Array],
      timeout: [Function: socketOnTimeout],
      data: [Function: bound socketOnData],
      error: [Function: socketOnError],
      close: [Array],
      drain: [Function: bound socketOnDrain],
      resume: [Function: onSocketResume],
      pause: [Function: onSocketPause]
    },
    _eventsCount: 8,
    _maxListeners: undefined,
    _writableState: WritableState {
      objectMode: false,
      highWaterMark: 16384,
      finalCalled: false,
      needDrain: false,
      ending: false,
      ended: false,
      finished: false,
      destroyed: false,
      decodeStrings: false,
      defaultEncoding: 'utf8',
      length: 0,
      writing: false,
      corked: 0,
      sync: true,
      bufferProcessing: false,
      onwrite: [Function: bound onwrite],
      writecb: null,
      writelen: 0,
      afterWriteTickInfo: null,
      buffered: [],
      bufferedIndex: 0,
      allBuffers: true,
      allNoop: true,
      pendingcb: 0,
      constructed: true,
      prefinished: false,
      errorEmitted: false,
      emitClose: false,
      autoDestroy: true,
      errored: null,
      closed: false,
      closeEmitted: false,
      [Symbol(kOnFinished)]: []
    },
    allowHalfOpen: true,
    _sockname: null,
    _pendingData: null,
    _pendingEncoding: '',
    server: Server {
      maxHeaderSize: undefined,
      insecureHTTPParser: undefined,
      _events: [Object: null prototype],
      _eventsCount: 2,
      _maxListeners: undefined,
      _connections: 1,
      _handle: [TCP],
      _usingWorkers: false,
      _workers: [],
      _unref: false,
      allowHalfOpen: true,
      pauseOnConnect: false,
      noDelay: false,
      keepAlive: false,
      keepAliveInitialDelay: 0,
      httpAllowHalfOpen: false,
      timeout: 0,
      keepAliveTimeout: 5000,
      maxHeadersCount: null,
      maxRequestsPerSocket: 0,
      headersTimeout: 60000,
      requestTimeout: 0,
      _connectionKey: '6::::8888',
      [Symbol(IncomingMessage)]: [Function: IncomingMessage],
      [Symbol(ServerResponse)]: [Function: ServerResponse],
      [Symbol(kCapture)]: false,
      [Symbol(async_id_symbol)]: 138
    },
    _server: Server {
      maxHeaderSize: undefined,
      insecureHTTPParser: undefined,
      _events: [Object: null prototype],
      _eventsCount: 2,
      _maxListeners: undefined,
      _connections: 1,
      _handle: [TCP],
      _usingWorkers: false,
      _workers: [],
      _unref: false,
      allowHalfOpen: true,
      pauseOnConnect: false,
      noDelay: false,
      keepAlive: false,
      keepAliveInitialDelay: 0,
      httpAllowHalfOpen: false,
      timeout: 0,
      keepAliveTimeout: 5000,
      maxHeadersCount: null,
      maxRequestsPerSocket: 0,
      headersTimeout: 60000,
      requestTimeout: 0,
      _connectionKey: '6::::8888',
      [Symbol(IncomingMessage)]: [Function: IncomingMessage],
      [Symbol(ServerResponse)]: [Function: ServerResponse],
      [Symbol(kCapture)]: false,
      [Symbol(async_id_symbol)]: 138
    },
    parser: HTTPParser {
      '0': [Function: bound setRequestTimeout],
      '1': [Function: parserOnHeaders],
      '2': [Function: parserOnHeadersComplete],
      '3': [Function: parserOnBody],
      '4': [Function: parserOnMessageComplete],
      '5': [Function: bound onParserExecute],
      '6': [Function: bound onParserTimeout],
      _headers: [],
      _url: '',
      socket: [Circular *1],
      incoming: [IncomingMessage],
      outgoing: null,
      maxHeaderPairs: 2000,
      _consumed: true,
      onIncoming: [Function: bound parserOnIncoming],
      [Symbol(resource_symbol)]: [HTTPServerAsyncResource]
    },
    on: [Function: socketListenerWrap],
    addListener: [Function: socketListenerWrap],
    prependListener: [Function: socketListenerWrap],
    setEncoding: [Function: socketSetEncoding],
    _paused: false,
    _httpMessage: [Circular *2],
    [Symbol(async_id_symbol)]: 153,
    [Symbol(kHandle)]: TCP {
      reading: true,
      onconnection: null,
      _consumed: true,
      [Symbol(owner_symbol)]: [Circular *1]
    },
    [Symbol(lastWriteQueueSize)]: 0,
    [Symbol(timeout)]: null,
    [Symbol(kBuffer)]: null,
    [Symbol(kBufferCb)]: null,
    [Symbol(kBufferGen)]: null,
    [Symbol(kCapture)]: false,
    [Symbol(kSetNoDelay)]: false,
    [Symbol(kSetKeepAlive)]: false,
    [Symbol(kSetKeepAliveInitialDelay)]: 0,
    [Symbol(kBytesRead)]: 0,
    [Symbol(kBytesWritten)]: 0,
    [Symbol(RequestTimeout)]: undefined
  },
  _header: null,
  _keepAliveTimeout: 5000,
  _onPendingData: [Function: bound updateOutgoingData],
  req: IncomingMessage {
    _readableState: ReadableState {
      objectMode: false,
      highWaterMark: 16384,
      buffer: BufferList { head: null, tail: null, length: 0 },
      length: 0,
      pipes: [],
      flowing: null,
      ended: true,
      endEmitted: false,
      reading: false,
      constructed: true,
      sync: true,
      needReadable: false,
      emittedReadable: false,
      readableListening: false,
      resumeScheduled: false,
      errorEmitted: false,
      emitClose: true,
      autoDestroy: true,
      destroyed: false,
      errored: null,
      closed: false,
      closeEmitted: false,
      defaultEncoding: 'utf8',
      awaitDrainWriters: null,
      multiAwaitDrain: false,
      readingMore: true,
      dataEmitted: false,
      decoder: null,
      encoding: null,
      [Symbol(kPaused)]: null
    },
    _events: [Object: null prototype] { end: [Function: clearRequestTimeout] },
    _eventsCount: 1,
    _maxListeners: undefined,
    socket: <ref *1> Socket {
      connecting: false,
      _hadError: false,
      _parent: null,
      _host: null,
      _readableState: [ReadableState],
      _events: [Object: null prototype],
      _eventsCount: 8,
      _maxListeners: undefined,
      _writableState: [WritableState],
      allowHalfOpen: true,
      _sockname: null,
      _pendingData: null,
      _pendingEncoding: '',
      server: [Server],
      _server: [Server],
      parser: [HTTPParser],
      on: [Function: socketListenerWrap],
      addListener: [Function: socketListenerWrap],
      prependListener: [Function: socketListenerWrap],
      setEncoding: [Function: socketSetEncoding],
      _paused: false,
      _httpMessage: [Circular *2],
      [Symbol(async_id_symbol)]: 153,
      [Symbol(kHandle)]: [TCP],
      [Symbol(lastWriteQueueSize)]: 0,
      [Symbol(timeout)]: null,
      [Symbol(kBuffer)]: null,
      [Symbol(kBufferCb)]: null,
      [Symbol(kBufferGen)]: null,
      [Symbol(kCapture)]: false,
      [Symbol(kSetNoDelay)]: false,
      [Symbol(kSetKeepAlive)]: false,
      [Symbol(kSetKeepAliveInitialDelay)]: 0,
      [Symbol(kBytesRead)]: 0,
      [Symbol(kBytesWritten)]: 0,
      [Symbol(RequestTimeout)]: undefined
    },
    httpVersionMajor: 1,
    httpVersionMinor: 1,
    httpVersion: '1.1',
    complete: true,
    rawHeaders: [
      'accept-encoding',
      'gzip, deflate, br',
      'Accept',
      '*/*',
      'User-Agent',
      'Thunder Client (https://www.thunderclient.com)',
      'Host',
      'localhost:8888',
      'Connection',
      'close'
    ],
    rawTrailers: [],
    aborted: false,
    upgrade: false,
    url: '/',
    method: 'GET',
    statusCode: null,
    statusMessage: null,
    client: <ref *1> Socket {
      connecting: false,
      _hadError: false,
      _parent: null,
      _host: null,
      _readableState: [ReadableState],
      _events: [Object: null prototype],
      _eventsCount: 8,
      _maxListeners: undefined,
      _writableState: [WritableState],
      allowHalfOpen: true,
      _sockname: null,
      _pendingData: null,
      _pendingEncoding: '',
      server: [Server],
      _server: [Server],
      parser: [HTTPParser],
      on: [Function: socketListenerWrap],
      addListener: [Function: socketListenerWrap],
      prependListener: [Function: socketListenerWrap],
      setEncoding: [Function: socketSetEncoding],
      _paused: false,
      _httpMessage: [Circular *2],
      [Symbol(async_id_symbol)]: 153,
      [Symbol(kHandle)]: [TCP],
      [Symbol(lastWriteQueueSize)]: 0,
      [Symbol(timeout)]: null,
      [Symbol(kBuffer)]: null,
      [Symbol(kBufferCb)]: null,
      [Symbol(kBufferGen)]: null,
      [Symbol(kCapture)]: false,
      [Symbol(kSetNoDelay)]: false,
      [Symbol(kSetKeepAlive)]: false,
      [Symbol(kSetKeepAliveInitialDelay)]: 0,
      [Symbol(kBytesRead)]: 0,
      [Symbol(kBytesWritten)]: 0,
      [Symbol(RequestTimeout)]: undefined
    },
    _consuming: false,
    _dumped: false,
    next: [Function: next],
    baseUrl: '',
    originalUrl: '/',
    _parsedUrl: Url {
      protocol: null,
      slashes: null,
      auth: null,
      host: null,
      port: null,
      hostname: null,
      hash: null,
      search: null,
      query: null,
      pathname: '/',
      path: '/',
      href: '/',
      _raw: '/'
    },
    params: {},
    query: {},
    res: [Circular *2],
    body: {},
    route: Route { path: '/', stack: [Array], methods: [Object] },
    [Symbol(kCapture)]: false,
    [Symbol(kHeaders)]: {
      'accept-encoding': 'gzip, deflate, br',
      accept: '*/*',
      'user-agent': 'Thunder Client (https://www.thunderclient.com)',
      host: 'localhost:8888',
      connection: 'close'
    },
    [Symbol(kHeadersCount)]: 10,
    [Symbol(kTrailers)]: null,
    [Symbol(kTrailersCount)]: 0,
    [Symbol(RequestTimeout)]: undefined
  },
  _sent100: false,
  _expect_continue: false,
  locals: [Object: null prototype] {},
  [Symbol(kCapture)]: false,
  [Symbol(kNeedDrain)]: false,
  [Symbol(corked)]: 0,
  [Symbol(kOutHeaders)]: [Object: null prototype] {
    'x-powered-by': [ 'X-Powered-By', 'Express' ],
    'access-control-allow-origin': [ 'Access-Control-Allow-Origin', '*' ]
  }
}
[2022-11-06T19:03:54.140] [INFO] In Index File - Server listening on Port 8888
[2022-11-06T19:04:00.492] [INFO] In Index File - <ref *2> ServerResponse {
  _events: [Object: null prototype] { finish: [Function: bound resOnFinish] },
  _eventsCount: 1,
  _maxListeners: undefined,
  outputData: [],
  outputSize: 0,
  writable: true,
  destroyed: false,
  _last: false,
  chunkedEncoding: false,
  shouldKeepAlive: false,
  maxRequestsOnConnectionReached: false,
  _defaultKeepAlive: true,
  useChunkedEncodingByDefault: true,
  sendDate: true,
  _removedConnection: false,
  _removedContLen: false,
  _removedTE: false,
  _contentLength: null,
  _hasBody: true,
  _trailer: '',
  finished: false,
  _headerSent: false,
  _closed: false,
  socket: <ref *1> Socket {
    connecting: false,
    _hadError: false,
    _parent: null,
    _host: null,
    _readableState: ReadableState {
      objectMode: false,
      highWaterMark: 16384,
      buffer: BufferList { head: null, tail: null, length: 0 },
      length: 0,
      pipes: [],
      flowing: true,
      ended: false,
      endEmitted: false,
      reading: true,
      constructed: true,
      sync: false,
      needReadable: true,
      emittedReadable: false,
      readableListening: false,
      resumeScheduled: false,
      errorEmitted: false,
      emitClose: false,
      autoDestroy: true,
      destroyed: false,
      errored: null,
      closed: false,
      closeEmitted: false,
      defaultEncoding: 'utf8',
      awaitDrainWriters: null,
      multiAwaitDrain: false,
      readingMore: false,
      dataEmitted: false,
      decoder: null,
      encoding: null,
      [Symbol(kPaused)]: false
    },
    _events: [Object: null prototype] {
      end: [Array],
      timeout: [Function: socketOnTimeout],
      data: [Function: bound socketOnData],
      error: [Function: socketOnError],
      close: [Array],
      drain: [Function: bound socketOnDrain],
      resume: [Function: onSocketResume],
      pause: [Function: onSocketPause]
    },
    _eventsCount: 8,
    _maxListeners: undefined,
    _writableState: WritableState {
      objectMode: false,
      highWaterMark: 16384,
      finalCalled: false,
      needDrain: false,
      ending: false,
      ended: false,
      finished: false,
      destroyed: false,
      decodeStrings: false,
      defaultEncoding: 'utf8',
      length: 0,
      writing: false,
      corked: 0,
      sync: true,
      bufferProcessing: false,
      onwrite: [Function: bound onwrite],
      writecb: null,
      writelen: 0,
      afterWriteTickInfo: null,
      buffered: [],
      bufferedIndex: 0,
      allBuffers: true,
      allNoop: true,
      pendingcb: 0,
      constructed: true,
      prefinished: false,
      errorEmitted: false,
      emitClose: false,
      autoDestroy: true,
      errored: null,
      closed: false,
      closeEmitted: false,
      [Symbol(kOnFinished)]: []
    },
    allowHalfOpen: true,
    _sockname: null,
    _pendingData: null,
    _pendingEncoding: '',
    server: Server {
      maxHeaderSize: undefined,
      insecureHTTPParser: undefined,
      _events: [Object: null prototype],
      _eventsCount: 2,
      _maxListeners: undefined,
      _connections: 1,
      _handle: [TCP],
      _usingWorkers: false,
      _workers: [],
      _unref: false,
      allowHalfOpen: true,
      pauseOnConnect: false,
      noDelay: false,
      keepAlive: false,
      keepAliveInitialDelay: 0,
      httpAllowHalfOpen: false,
      timeout: 0,
      keepAliveTimeout: 5000,
      maxHeadersCount: null,
      maxRequestsPerSocket: 0,
      headersTimeout: 60000,
      requestTimeout: 0,
      _connectionKey: '6::::8888',
      [Symbol(IncomingMessage)]: [Function: IncomingMessage],
      [Symbol(ServerResponse)]: [Function: ServerResponse],
      [Symbol(kCapture)]: false,
      [Symbol(async_id_symbol)]: 127
    },
    _server: Server {
      maxHeaderSize: undefined,
      insecureHTTPParser: undefined,
      _events: [Object: null prototype],
      _eventsCount: 2,
      _maxListeners: undefined,
      _connections: 1,
      _handle: [TCP],
      _usingWorkers: false,
      _workers: [],
      _unref: false,
      allowHalfOpen: true,
      pauseOnConnect: false,
      noDelay: false,
      keepAlive: false,
      keepAliveInitialDelay: 0,
      httpAllowHalfOpen: false,
      timeout: 0,
      keepAliveTimeout: 5000,
      maxHeadersCount: null,
      maxRequestsPerSocket: 0,
      headersTimeout: 60000,
      requestTimeout: 0,
      _connectionKey: '6::::8888',
      [Symbol(IncomingMessage)]: [Function: IncomingMessage],
      [Symbol(ServerResponse)]: [Function: ServerResponse],
      [Symbol(kCapture)]: false,
      [Symbol(async_id_symbol)]: 127
    },
    parser: HTTPParser {
      '0': [Function: bound setRequestTimeout],
      '1': [Function: parserOnHeaders],
      '2': [Function: parserOnHeadersComplete],
      '3': [Function: parserOnBody],
      '4': [Function: parserOnMessageComplete],
      '5': [Function: bound onParserExecute],
      '6': [Function: bound onParserTimeout],
      _headers: [],
      _url: '',
      socket: [Circular *1],
      incoming: [IncomingMessage],
      outgoing: null,
      maxHeaderPairs: 2000,
      _consumed: true,
      onIncoming: [Function: bound parserOnIncoming],
      [Symbol(resource_symbol)]: [HTTPServerAsyncResource]
    },
    on: [Function: socketListenerWrap],
    addListener: [Function: socketListenerWrap],
    prependListener: [Function: socketListenerWrap],
    setEncoding: [Function: socketSetEncoding],
    _paused: false,
    _httpMessage: [Circular *2],
    [Symbol(async_id_symbol)]: 150,
    [Symbol(kHandle)]: TCP {
      reading: true,
      onconnection: null,
      _consumed: true,
      [Symbol(owner_symbol)]: [Circular *1]
    },
    [Symbol(lastWriteQueueSize)]: 0,
    [Symbol(timeout)]: null,
    [Symbol(kBuffer)]: null,
    [Symbol(kBufferCb)]: null,
    [Symbol(kBufferGen)]: null,
    [Symbol(kCapture)]: false,
    [Symbol(kSetNoDelay)]: false,
    [Symbol(kSetKeepAlive)]: false,
    [Symbol(kSetKeepAliveInitialDelay)]: 0,
    [Symbol(kBytesRead)]: 0,
    [Symbol(kBytesWritten)]: 0,
    [Symbol(RequestTimeout)]: undefined
  },
  _header: null,
  _keepAliveTimeout: 5000,
  _onPendingData: [Function: bound updateOutgoingData],
  req: IncomingMessage {
    _readableState: ReadableState {
      objectMode: false,
      highWaterMark: 16384,
      buffer: BufferList { head: null, tail: null, length: 0 },
      length: 0,
      pipes: [],
      flowing: null,
      ended: true,
      endEmitted: false,
      reading: false,
      constructed: true,
      sync: true,
      needReadable: false,
      emittedReadable: false,
      readableListening: false,
      resumeScheduled: false,
      errorEmitted: false,
      emitClose: true,
      autoDestroy: true,
      destroyed: false,
      errored: null,
      closed: false,
      closeEmitted: false,
      defaultEncoding: 'utf8',
      awaitDrainWriters: null,
      multiAwaitDrain: false,
      readingMore: true,
      dataEmitted: false,
      decoder: null,
      encoding: null,
      [Symbol(kPaused)]: null
    },
    _events: [Object: null prototype] { end: [Function: clearRequestTimeout] },
    _eventsCount: 1,
    _maxListeners: undefined,
    socket: <ref *1> Socket {
      connecting: false,
      _hadError: false,
      _parent: null,
      _host: null,
      _readableState: [ReadableState],
      _events: [Object: null prototype],
      _eventsCount: 8,
      _maxListeners: undefined,
      _writableState: [WritableState],
      allowHalfOpen: true,
      _sockname: null,
      _pendingData: null,
      _pendingEncoding: '',
      server: [Server],
      _server: [Server],
      parser: [HTTPParser],
      on: [Function: socketListenerWrap],
      addListener: [Function: socketListenerWrap],
      prependListener: [Function: socketListenerWrap],
      setEncoding: [Function: socketSetEncoding],
      _paused: false,
      _httpMessage: [Circular *2],
      [Symbol(async_id_symbol)]: 150,
      [Symbol(kHandle)]: [TCP],
      [Symbol(lastWriteQueueSize)]: 0,
      [Symbol(timeout)]: null,
      [Symbol(kBuffer)]: null,
      [Symbol(kBufferCb)]: null,
      [Symbol(kBufferGen)]: null,
      [Symbol(kCapture)]: false,
      [Symbol(kSetNoDelay)]: false,
      [Symbol(kSetKeepAlive)]: false,
      [Symbol(kSetKeepAliveInitialDelay)]: 0,
      [Symbol(kBytesRead)]: 0,
      [Symbol(kBytesWritten)]: 0,
      [Symbol(RequestTimeout)]: undefined
    },
    httpVersionMajor: 1,
    httpVersionMinor: 1,
    httpVersion: '1.1',
    complete: true,
    rawHeaders: [
      'accept-encoding',
      'gzip, deflate, br',
      'Accept',
      '*/*',
      'User-Agent',
      'Thunder Client (https://www.thunderclient.com)',
      'Host',
      'localhost:8888',
      'Connection',
      'close'
    ],
    rawTrailers: [],
    aborted: false,
    upgrade: false,
    url: '/',
    method: 'GET',
    statusCode: null,
    statusMessage: null,
    client: <ref *1> Socket {
      connecting: false,
      _hadError: false,
      _parent: null,
      _host: null,
      _readableState: [ReadableState],
      _events: [Object: null prototype],
      _eventsCount: 8,
      _maxListeners: undefined,
      _writableState: [WritableState],
      allowHalfOpen: true,
      _sockname: null,
      _pendingData: null,
      _pendingEncoding: '',
      server: [Server],
      _server: [Server],
      parser: [HTTPParser],
      on: [Function: socketListenerWrap],
      addListener: [Function: socketListenerWrap],
      prependListener: [Function: socketListenerWrap],
      setEncoding: [Function: socketSetEncoding],
      _paused: false,
      _httpMessage: [Circular *2],
      [Symbol(async_id_symbol)]: 150,
      [Symbol(kHandle)]: [TCP],
      [Symbol(lastWriteQueueSize)]: 0,
      [Symbol(timeout)]: null,
      [Symbol(kBuffer)]: null,
      [Symbol(kBufferCb)]: null,
      [Symbol(kBufferGen)]: null,
      [Symbol(kCapture)]: false,
      [Symbol(kSetNoDelay)]: false,
      [Symbol(kSetKeepAlive)]: false,
      [Symbol(kSetKeepAliveInitialDelay)]: 0,
      [Symbol(kBytesRead)]: 0,
      [Symbol(kBytesWritten)]: 0,
      [Symbol(RequestTimeout)]: undefined
    },
    _consuming: false,
    _dumped: false,
    next: [Function: next],
    baseUrl: '',
    originalUrl: '/',
    _parsedUrl: Url {
      protocol: null,
      slashes: null,
      auth: null,
      host: null,
      port: null,
      hostname: null,
      hash: null,
      search: null,
      query: null,
      pathname: '/',
      path: '/',
      href: '/',
      _raw: '/'
    },
    params: {},
    query: {},
    res: [Circular *2],
    body: {},
    route: Route { path: '/', stack: [Array], methods: [Object] },
    [Symbol(kCapture)]: false,
    [Symbol(kHeaders)]: {
      'accept-encoding': 'gzip, deflate, br',
      accept: '*/*',
      'user-agent': 'Thunder Client (https://www.thunderclient.com)',
      host: 'localhost:8888',
      connection: 'close'
    },
    [Symbol(kHeadersCount)]: 10,
    [Symbol(kTrailers)]: null,
    [Symbol(kTrailersCount)]: 0,
    [Symbol(RequestTimeout)]: undefined
  },
  _sent100: false,
  _expect_continue: false,
  locals: [Object: null prototype] {},
  [Symbol(kCapture)]: false,
  [Symbol(kNeedDrain)]: false,
  [Symbol(corked)]: 0,
  [Symbol(kOutHeaders)]: [Object: null prototype] {
    'x-powered-by': [ 'X-Powered-By', 'Express' ],
    'access-control-allow-origin': [ 'Access-Control-Allow-Origin', '*' ]
  }
}
[2022-11-06T19:04:16.011] [INFO] In Index File - <ref *2> ServerResponse {
  _events: [Object: null prototype] { finish: [Function: bound resOnFinish] },
  _eventsCount: 1,
  _maxListeners: undefined,
  outputData: [],
  outputSize: 0,
  writable: true,
  destroyed: false,
  _last: false,
  chunkedEncoding: false,
  shouldKeepAlive: false,
  maxRequestsOnConnectionReached: false,
  _defaultKeepAlive: true,
  useChunkedEncodingByDefault: true,
  sendDate: true,
  _removedConnection: false,
  _removedContLen: false,
  _removedTE: false,
  _contentLength: null,
  _hasBody: true,
  _trailer: '',
  finished: false,
  _headerSent: false,
  _closed: false,
  socket: <ref *1> Socket {
    connecting: false,
    _hadError: false,
    _parent: null,
    _host: null,
    _readableState: ReadableState {
      objectMode: false,
      highWaterMark: 16384,
      buffer: BufferList { head: null, tail: null, length: 0 },
      length: 0,
      pipes: [],
      flowing: true,
      ended: false,
      endEmitted: false,
      reading: true,
      constructed: true,
      sync: false,
      needReadable: true,
      emittedReadable: false,
      readableListening: false,
      resumeScheduled: false,
      errorEmitted: false,
      emitClose: false,
      autoDestroy: true,
      destroyed: false,
      errored: null,
      closed: false,
      closeEmitted: false,
      defaultEncoding: 'utf8',
      awaitDrainWriters: null,
      multiAwaitDrain: false,
      readingMore: false,
      dataEmitted: false,
      decoder: null,
      encoding: null,
      [Symbol(kPaused)]: false
    },
    _events: [Object: null prototype] {
      end: [Array],
      timeout: [Function: socketOnTimeout],
      data: [Function: bound socketOnData],
      error: [Function: socketOnError],
      close: [Array],
      drain: [Function: bound socketOnDrain],
      resume: [Function: onSocketResume],
      pause: [Function: onSocketPause]
    },
    _eventsCount: 8,
    _maxListeners: undefined,
    _writableState: WritableState {
      objectMode: false,
      highWaterMark: 16384,
      finalCalled: false,
      needDrain: false,
      ending: false,
      ended: false,
      finished: false,
      destroyed: false,
      decodeStrings: false,
      defaultEncoding: 'utf8',
      length: 0,
      writing: false,
      corked: 0,
      sync: true,
      bufferProcessing: false,
      onwrite: [Function: bound onwrite],
      writecb: null,
      writelen: 0,
      afterWriteTickInfo: null,
      buffered: [],
      bufferedIndex: 0,
      allBuffers: true,
      allNoop: true,
      pendingcb: 0,
      constructed: true,
      prefinished: false,
      errorEmitted: false,
      emitClose: false,
      autoDestroy: true,
      errored: null,
      closed: false,
      closeEmitted: false,
      [Symbol(kOnFinished)]: []
    },
    allowHalfOpen: true,
    _sockname: null,
    _pendingData: null,
    _pendingEncoding: '',
    server: Server {
      maxHeaderSize: undefined,
      insecureHTTPParser: undefined,
      _events: [Object: null prototype],
      _eventsCount: 2,
      _maxListeners: undefined,
      _connections: 1,
      _handle: [TCP],
      _usingWorkers: false,
      _workers: [],
      _unref: false,
      allowHalfOpen: true,
      pauseOnConnect: false,
      noDelay: false,
      keepAlive: false,
      keepAliveInitialDelay: 0,
      httpAllowHalfOpen: false,
      timeout: 0,
      keepAliveTimeout: 5000,
      maxHeadersCount: null,
      maxRequestsPerSocket: 0,
      headersTimeout: 60000,
      requestTimeout: 0,
      _connectionKey: '6::::8888',
      [Symbol(IncomingMessage)]: [Function: IncomingMessage],
      [Symbol(ServerResponse)]: [Function: ServerResponse],
      [Symbol(kCapture)]: false,
      [Symbol(async_id_symbol)]: 127
    },
    _server: Server {
      maxHeaderSize: undefined,
      insecureHTTPParser: undefined,
      _events: [Object: null prototype],
      _eventsCount: 2,
      _maxListeners: undefined,
      _connections: 1,
      _handle: [TCP],
      _usingWorkers: false,
      _workers: [],
      _unref: false,
      allowHalfOpen: true,
      pauseOnConnect: false,
      noDelay: false,
      keepAlive: false,
      keepAliveInitialDelay: 0,
      httpAllowHalfOpen: false,
      timeout: 0,
      keepAliveTimeout: 5000,
      maxHeadersCount: null,
      maxRequestsPerSocket: 0,
      headersTimeout: 60000,
      requestTimeout: 0,
      _connectionKey: '6::::8888',
      [Symbol(IncomingMessage)]: [Function: IncomingMessage],
      [Symbol(ServerResponse)]: [Function: ServerResponse],
      [Symbol(kCapture)]: false,
      [Symbol(async_id_symbol)]: 127
    },
    parser: HTTPParser {
      '0': [Function: bound setRequestTimeout],
      '1': [Function: parserOnHeaders],
      '2': [Function: parserOnHeadersComplete],
      '3': [Function: parserOnBody],
      '4': [Function: parserOnMessageComplete],
      '5': [Function: bound onParserExecute],
      '6': [Function: bound onParserTimeout],
      _headers: [],
      _url: '',
      socket: [Circular *1],
      incoming: [IncomingMessage],
      outgoing: null,
      maxHeaderPairs: 2000,
      _consumed: true,
      onIncoming: [Function: bound parserOnIncoming],
      [Symbol(resource_symbol)]: [HTTPServerAsyncResource]
    },
    on: [Function: socketListenerWrap],
    addListener: [Function: socketListenerWrap],
    prependListener: [Function: socketListenerWrap],
    setEncoding: [Function: socketSetEncoding],
    _paused: false,
    _httpMessage: [Circular *2],
    [Symbol(async_id_symbol)]: 242,
    [Symbol(kHandle)]: TCP {
      reading: true,
      onconnection: null,
      _consumed: true,
      [Symbol(owner_symbol)]: [Circular *1]
    },
    [Symbol(lastWriteQueueSize)]: 0,
    [Symbol(timeout)]: null,
    [Symbol(kBuffer)]: null,
    [Symbol(kBufferCb)]: null,
    [Symbol(kBufferGen)]: null,
    [Symbol(kCapture)]: false,
    [Symbol(kSetNoDelay)]: false,
    [Symbol(kSetKeepAlive)]: false,
    [Symbol(kSetKeepAliveInitialDelay)]: 0,
    [Symbol(kBytesRead)]: 0,
    [Symbol(kBytesWritten)]: 0,
    [Symbol(RequestTimeout)]: undefined
  },
  _header: null,
  _keepAliveTimeout: 5000,
  _onPendingData: [Function: bound updateOutgoingData],
  req: IncomingMessage {
    _readableState: ReadableState {
      objectMode: false,
      highWaterMark: 16384,
      buffer: BufferList { head: null, tail: null, length: 0 },
      length: 0,
      pipes: [],
      flowing: null,
      ended: true,
      endEmitted: false,
      reading: false,
      constructed: true,
      sync: true,
      needReadable: false,
      emittedReadable: false,
      readableListening: false,
      resumeScheduled: false,
      errorEmitted: false,
      emitClose: true,
      autoDestroy: true,
      destroyed: false,
      errored: null,
      closed: false,
      closeEmitted: false,
      defaultEncoding: 'utf8',
      awaitDrainWriters: null,
      multiAwaitDrain: false,
      readingMore: true,
      dataEmitted: false,
      decoder: null,
      encoding: null,
      [Symbol(kPaused)]: null
    },
    _events: [Object: null prototype] { end: [Function: clearRequestTimeout] },
    _eventsCount: 1,
    _maxListeners: undefined,
    socket: <ref *1> Socket {
      connecting: false,
      _hadError: false,
      _parent: null,
      _host: null,
      _readableState: [ReadableState],
      _events: [Object: null prototype],
      _eventsCount: 8,
      _maxListeners: undefined,
      _writableState: [WritableState],
      allowHalfOpen: true,
      _sockname: null,
      _pendingData: null,
      _pendingEncoding: '',
      server: [Server],
      _server: [Server],
      parser: [HTTPParser],
      on: [Function: socketListenerWrap],
      addListener: [Function: socketListenerWrap],
      prependListener: [Function: socketListenerWrap],
      setEncoding: [Function: socketSetEncoding],
      _paused: false,
      _httpMessage: [Circular *2],
      [Symbol(async_id_symbol)]: 242,
      [Symbol(kHandle)]: [TCP],
      [Symbol(lastWriteQueueSize)]: 0,
      [Symbol(timeout)]: null,
      [Symbol(kBuffer)]: null,
      [Symbol(kBufferCb)]: null,
      [Symbol(kBufferGen)]: null,
      [Symbol(kCapture)]: false,
      [Symbol(kSetNoDelay)]: false,
      [Symbol(kSetKeepAlive)]: false,
      [Symbol(kSetKeepAliveInitialDelay)]: 0,
      [Symbol(kBytesRead)]: 0,
      [Symbol(kBytesWritten)]: 0,
      [Symbol(RequestTimeout)]: undefined
    },
    httpVersionMajor: 1,
    httpVersionMinor: 1,
    httpVersion: '1.1',
    complete: true,
    rawHeaders: [
      'accept-encoding',
      'gzip, deflate, br',
      'Accept',
      '*/*',
      'User-Agent',
      'Thunder Client (https://www.thunderclient.com)',
      'Host',
      'localhost:8888',
      'Connection',
      'close'
    ],
    rawTrailers: [],
    aborted: false,
    upgrade: false,
    url: '/',
    method: 'GET',
    statusCode: null,
    statusMessage: null,
    client: <ref *1> Socket {
      connecting: false,
      _hadError: false,
      _parent: null,
      _host: null,
      _readableState: [ReadableState],
      _events: [Object: null prototype],
      _eventsCount: 8,
      _maxListeners: undefined,
      _writableState: [WritableState],
      allowHalfOpen: true,
      _sockname: null,
      _pendingData: null,
      _pendingEncoding: '',
      server: [Server],
      _server: [Server],
      parser: [HTTPParser],
      on: [Function: socketListenerWrap],
      addListener: [Function: socketListenerWrap],
      prependListener: [Function: socketListenerWrap],
      setEncoding: [Function: socketSetEncoding],
      _paused: false,
      _httpMessage: [Circular *2],
      [Symbol(async_id_symbol)]: 242,
      [Symbol(kHandle)]: [TCP],
      [Symbol(lastWriteQueueSize)]: 0,
      [Symbol(timeout)]: null,
      [Symbol(kBuffer)]: null,
      [Symbol(kBufferCb)]: null,
      [Symbol(kBufferGen)]: null,
      [Symbol(kCapture)]: false,
      [Symbol(kSetNoDelay)]: false,
      [Symbol(kSetKeepAlive)]: false,
      [Symbol(kSetKeepAliveInitialDelay)]: 0,
      [Symbol(kBytesRead)]: 0,
      [Symbol(kBytesWritten)]: 0,
      [Symbol(RequestTimeout)]: undefined
    },
    _consuming: false,
    _dumped: false,
    next: [Function: next],
    baseUrl: '',
    originalUrl: '/',
    _parsedUrl: Url {
      protocol: null,
      slashes: null,
      auth: null,
      host: null,
      port: null,
      hostname: null,
      hash: null,
      search: null,
      query: null,
      pathname: '/',
      path: '/',
      href: '/',
      _raw: '/'
    },
    params: {},
    query: {},
    res: [Circular *2],
    body: {},
    route: Route { path: '/', stack: [Array], methods: [Object] },
    [Symbol(kCapture)]: false,
    [Symbol(kHeaders)]: {
      'accept-encoding': 'gzip, deflate, br',
      accept: '*/*',
      'user-agent': 'Thunder Client (https://www.thunderclient.com)',
      host: 'localhost:8888',
      connection: 'close'
    },
    [Symbol(kHeadersCount)]: 10,
    [Symbol(kTrailers)]: null,
    [Symbol(kTrailersCount)]: 0,
    [Symbol(RequestTimeout)]: undefined
  },
  _sent100: false,
  _expect_continue: false,
  locals: [Object: null prototype] {},
  [Symbol(kCapture)]: false,
  [Symbol(kNeedDrain)]: false,
  [Symbol(corked)]: 0,
  [Symbol(kOutHeaders)]: [Object: null prototype] {
    'x-powered-by': [ 'X-Powered-By', 'Express' ],
    'access-control-allow-origin': [ 'Access-Control-Allow-Origin', '*' ]
  }
}
[2022-11-06T19:10:48.930] [INFO] In Index File - Server listening on Port 8888
[2022-11-06T19:11:55.384] [INFO] In Index File - Server listening on Port 8888
[2022-11-06T19:11:57.519] [INFO] In Index File - []
[2022-11-06T19:12:15.355] [INFO] In Index File - Server listening on Port 8888
[2022-11-06T19:12:16.877] [INFO] In Index File - []
[2022-11-06T19:13:18.336] [INFO] In Index File - Server listening on Port 8888
[2022-11-06T19:14:45.072] [INFO] In Index File - Server listening on Port 8888
[2022-11-06T19:23:12.992] [INFO] In Index File - Server listening on Port 8888
[2022-11-06T19:24:25.237] [INFO] In Index File - Server listening on Port 8888
[2022-11-06T19:26:40.829] [INFO] In Index File - Server listening on Port 8888
[2022-11-06T19:29:38.335] [INFO] In Index File - Server listening on Port 8888
[2022-11-06T19:31:30.153] [INFO] In Index File - Server listening on Port 8888
[2022-11-06T19:31:54.735] [INFO] In Index File - Server listening on Port 8888
[2022-11-06T19:35:52.715] [INFO] In Index File - Server listening on Port 8888
[2022-11-06T19:43:57.697] [INFO] In Index File - Server listening on Port 8888
[2022-11-06T19:45:14.628] [INFO] In Index File - Server listening on Port 8888
[2022-11-06T19:57:06.822] [INFO] In Index File - Server listening on Port 8888
[2022-11-06T21:22:06.844] [INFO] In Index File - Server listening on Port 8888
[2022-11-06T22:14:59.481] [INFO] In Index File - Server listening on Port 8888
